<?xml version="1.0" encoding="UTF-8"?>
<!-- Generated by org.testng.reporters.JUnitReportReporter -->
<testsuite hostname="LAPTOP-FJVUST8L" failures="0" tests="1" name="com.testng.Login" time="73.010" errors="0" timestamp="2022-10-01T20:45:43 IST" skipped="0">
  <testcase classname="com.testng.Login" name="login" time="73.010"/>
</testsuite> <!-- com.testng.Login -->
