<?xml version="1.0" encoding="UTF-8"?>
<!-- Generated by org.testng.reporters.JUnitReportReporter -->
<testsuite hostname="LAPTOP-FJVUST8L" failures="0" tests="1" name="com.testng.AddToCart" time="54.075" errors="0" timestamp="2022-10-01T20:51:40 IST" skipped="0">
  <testcase classname="com.testng.AddToCart" name="addtocart" time="54.075"/>
</testsuite> <!-- com.testng.AddToCart -->
